<?xml version="1.0" encoding="UTF-8"?>
<!-- Generated by org.testng.reporters.JUnitReportReporter -->
<testsuite hostname="DESKTOP-5H4B6MF" failures="0" tests="1" name="tests.amazonTest" time="57.627" errors="0" timestamp="2021-12-28T23:11:12 BDT" skipped="0">
  <testcase classname="tests.amazonTest" name="amazontest" time="57.627"/>
  <system-out/>
</testsuite> <!-- tests.amazonTest -->
